D:\SRC\MTHTTPREQEXT\MTHTTPREQEXT\DEBUG\MTHTTPREQEXT.PCH
D:\SRC\MTHTTPREQEXT\MTHTTPREQEXT\DEBUG\STDAFX.OBJ
D:\SRC\MTHTTPREQEXT\MTHTTPREQEXT\DEBUG\VC110.PDB
D:\SRC\MTHTTPREQEXT\MTHTTPREQEXT\DEBUG\MTHTTPREQEXT.OBJ
D:\src\MTHttpReqExt\Debug\MTHttpReqExt.lib
D:\src\MTHttpReqExt\Debug\MTHttpReqExt.exp
D:\SRC\MTHTTPREQEXT\MTHTTPREQEXT\DEBUG\MTHTTPREQEXT.RES
D:\src\MTHttpReqExt\MTHttpReqExt\Debug\MTHttpReqExt.obj
D:\src\MTHttpReqExt\MTHttpReqExt\Debug\stdafx.obj
D:\src\MTHttpReqExt\MTHttpReqExt\Debug\cl.command.1.tlog
D:\src\MTHttpReqExt\MTHttpReqExt\Debug\CL.read.1.tlog
D:\src\MTHttpReqExt\MTHttpReqExt\Debug\CL.write.1.tlog
D:\src\MTHttpReqExt\MTHttpReqExt\Debug\link-cvtres.read.1.tlog
D:\src\MTHttpReqExt\MTHttpReqExt\Debug\link-cvtres.write.1.tlog
D:\src\MTHttpReqExt\MTHttpReqExt\Debug\link-mt.read.1.tlog
D:\src\MTHttpReqExt\MTHttpReqExt\Debug\link-mt.write.1.tlog
D:\src\MTHttpReqExt\MTHttpReqExt\Debug\link-rc.read.1.tlog
D:\src\MTHttpReqExt\MTHttpReqExt\Debug\link-rc.write.1.tlog
D:\src\MTHttpReqExt\MTHttpReqExt\Debug\link.2884-cvtres.read.1.tlog
D:\src\MTHttpReqExt\MTHttpReqExt\Debug\link.2884-cvtres.write.1.tlog
D:\src\MTHttpReqExt\MTHttpReqExt\Debug\link.2884-mt.read.1.tlog
D:\src\MTHttpReqExt\MTHttpReqExt\Debug\link.2884-mt.write.1.tlog
D:\src\MTHttpReqExt\MTHttpReqExt\Debug\link.2884-rc.read.1.tlog
D:\src\MTHttpReqExt\MTHttpReqExt\Debug\link.2884-rc.write.1.tlog
D:\src\MTHttpReqExt\MTHttpReqExt\Debug\link.2884.read.1.tlog
D:\src\MTHttpReqExt\MTHttpReqExt\Debug\link.2884.write.1.tlog
D:\src\MTHttpReqExt\MTHttpReqExt\Debug\link.command.1.tlog
D:\src\MTHttpReqExt\MTHttpReqExt\Debug\link.read.1.tlog
D:\src\MTHttpReqExt\MTHttpReqExt\Debug\link.write.1.tlog
D:\src\MTHttpReqExt\MTHttpReqExt\Debug\MTHttpReqExt.write.1.tlog
D:\src\MTHttpReqExt\MTHttpReqExt\Debug\rc.command.1.tlog
D:\src\MTHttpReqExt\MTHttpReqExt\Debug\rc.read.1.tlog
D:\src\MTHttpReqExt\MTHttpReqExt\Debug\rc.write.1.tlog
D:\src\MTHttpReqExt\MTHttpReqExt\Debug\MTHttpReqExt.res
D:\src\MTHttpReqExt\MTHttpReqExt\Debug\MTHttpReqExt.pch
D:\src\MTHttpReqExt\MTHttpReqExt\Debug\vc110.idb
D:\src\MTHttpReqExt\MTHttpReqExt\Debug\vc110.pdb
D:\src\MTHttpReqExt\Debug\MTHttpReqExt.pdb
D:\src\MTHttpReqExt\Debug\MTHttpReqExt.dll
D:\src\MTHttpReqExt\Debug\MTHttpReqExt.ilk
